<?xml version="1.0" encoding="UTF-8"?>
<!-- Generated by org.testng.reporters.JUnitReportReporter -->
<testsuite hostname="VedantSingh" failures="0" tests="1" name="com.MyTests.D03TestNGClass" time="0.012" errors="0" timestamp="2024-12-24T21:51:12 IST" skipped="0">
  <testcase classname="com.MyTests.D03TestNGClass" name="myTest" time="0.012"/>
</testsuite> <!-- com.MyTests.D03TestNGClass -->
