<?xml version="1.0" encoding="UTF-8"?>
<!-- Generated by org.testng.reporters.JUnitReportReporter -->
<testsuite hostname="VedantSingh" failures="0" tests="1" name="com.MyTests.LoginScenario2" time="6.539" errors="0" timestamp="2024-12-29T16:41:51 IST" skipped="0">
  <testcase classname="com.MyTests.LoginScenario2" name="login1" time="6.539"/>
</testsuite> <!-- com.MyTests.LoginScenario2 -->
