<?xml version="1.0" encoding="UTF-8"?>
<!-- Generated by org.testng.reporters.JUnitReportReporter -->
<testsuite hostname="VedantSingh" failures="0" tests="10" name="com.TelecomProject.TelecomAPI" time="16.394" errors="0" timestamp="2024-12-28T21:51:09 IST" skipped="0">
  <testcase classname="com.TelecomProject.TelecomAPI" name="addNewUser" time="3.717"/>
  <system-out/>
  <testcase classname="com.TelecomProject.TelecomAPI" name="getProfile" time="1.538"/>
  <system-out/>
  <testcase classname="com.TelecomProject.TelecomAPI" name="updateUser" time="1.326"/>
  <system-out/>
  <testcase classname="com.TelecomProject.TelecomAPI" name="loginUser" time="1.555"/>
  <system-out/>
  <testcase classname="com.TelecomProject.TelecomAPI" name="addContact" time="1.220"/>
  <system-out/>
  <testcase classname="com.TelecomProject.TelecomAPI" name="getContactList" time="1.245"/>
  <system-out/>
  <testcase classname="com.TelecomProject.TelecomAPI" name="getContact" time="1.579"/>
  <system-out/>
  <testcase classname="com.TelecomProject.TelecomAPI" name="updateContact" time="1.250"/>
  <system-out/>
  <testcase classname="com.TelecomProject.TelecomAPI" name="updateContactpatch" time="1.538"/>
  <system-out/>
  <testcase classname="com.TelecomProject.TelecomAPI" name="logoutUser" time="1.426"/>
  <system-out/>
</testsuite> <!-- com.TelecomProject.TelecomAPI -->
