<?xml version="1.0" encoding="UTF-8"?>
<!-- Generated by org.testng.reporters.JUnitReportReporter -->
<testsuite hostname="VedantSingh" failures="0" tests="10" name="com.TelecomProject.TelecomDomainAPI" time="14.713" errors="0" timestamp="2024-12-29T15:37:58 IST" skipped="0">
  <testcase classname="com.TelecomProject.TelecomDomainAPI" name="addNewUser" time="3.309"/>
  <system-out/>
  <testcase classname="com.TelecomProject.TelecomDomainAPI" name="getProfile" time="1.175"/>
  <system-out/>
  <testcase classname="com.TelecomProject.TelecomDomainAPI" name="updateUser" time="1.302"/>
  <system-out/>
  <testcase classname="com.TelecomProject.TelecomDomainAPI" name="loginUser" time="1.342"/>
  <system-out/>
  <testcase classname="com.TelecomProject.TelecomDomainAPI" name="addContact" time="1.186"/>
  <system-out/>
  <testcase classname="com.TelecomProject.TelecomDomainAPI" name="getContactList" time="1.148"/>
  <system-out/>
  <testcase classname="com.TelecomProject.TelecomDomainAPI" name="getContact" time="1.594"/>
  <system-out/>
  <testcase classname="com.TelecomProject.TelecomDomainAPI" name="updateContact" time="1.288"/>
  <system-out/>
  <testcase classname="com.TelecomProject.TelecomDomainAPI" name="updateContactpatch" time="1.217"/>
  <system-out/>
  <testcase classname="com.TelecomProject.TelecomDomainAPI" name="logoutUser" time="1.152"/>
  <system-out/>
</testsuite> <!-- com.TelecomProject.TelecomDomainAPI -->
